RBPlayer/proguard-project.txt
# To enable ProGuard in your project, edit project.properties
# to define the proguard.config property as described in that file.
#
# Add project specific ProGuard rules here.
# By default, the flags in this file are appended to flags specified
# in ${sdk.dir}/tools/proguard/proguard-android.txt
# You can edit the include path and order by changing the ProGuard
# include property in project.properties.
#
# For more details, see
#   http://developer.android.com/guide/developing/tools/proguard.html

# Add any project specific keep options here:

# If your project uses WebView with JS, uncomment the following
# and specify the fully qualified class name to the JavaScript interface
# class:
#-keepclassmembers class fqcn.of.javascript.interface.for.webview {
#   public *;
#}

-ignorewarnings

-libraryjars C:\Users\Administrator\Documents\GitHub\AlmightyZGBox-android\libs\universal-image-loader-1.9.3-with-sources.jar
-libraryjars C:\Users\Administrator\Documents\GitHub\ttkmz\libs\BmobSDK_V3.2.7_1209.jar
-libraryjars C:\Users\Administrator\Documents\GitHub\ttkmz\libs\BmobPush_V0.5beta_1027.jar
-libraryjars C:\Users\Administrator\Documents\GitHub\AlmightyZGBox-android\libs\ormlite-core-4.48.jar
-libraryjars C:\Users\Administrator\Documents\GitHub\AlmightyZGBox-android\libs\ormlite-android-4.48.jar
-libraryjars C:\Users\Administrator\Documents\GitHub\AlmightyZGBox-android\libs\android-support-v4.jar
-libraryjars C:\Users\Administrator\Documents\GitHub\AlmightyZGBox-android\bin\almightyzgbox-android.jar

-optimizationpasses 5
-optimizations !code/simplification/arithmetic,!field/*,!class/merging/*

#ormlite
-dontwarn com.j256.ormlite.**
-keep class com.j256.ormlite.** { *;}

#bmob
-keepattributes Signature
-keep class cn.bmob.v3.** {*;}
-keep class org.zgmlt.ttkmz.bmob.** {*;}

#imageloader
-dontwarn com.nostra13.universalimageloader.**
-keep class com.nostra13.universalimageloader.** { *;}

-dontwarn android.support.v4.**
-keep class android.support.v4.** { *;}