RBPlayer/proguard/seeds.txt
org.zhangge.rbplayer.R$anim: int frame_animation
org.zhangge.rbplayer.R$anim: int push_left_in
org.zhangge.rbplayer.R$anim: int push_left_out
org.zhangge.rbplayer.R$anim: int push_right_in
org.zhangge.rbplayer.R$anim: int push_right_out
org.zhangge.rbplayer.R$anim: int tween_animation_gone
org.zhangge.rbplayer.R$anim: int tween_animation_visible
org.zhangge.rbplayer.R$anim: int tween_zoom_in
org.zhangge.rbplayer.R$anim: int tween_zoom_out
org.zhangge.rbplayer.R$array: int menu_array
org.zhangge.rbplayer.R$attr: int adSize
org.zhangge.rbplayer.R$attr: int adSizes
org.zhangge.rbplayer.R$attr: int adUnitId
org.zhangge.rbplayer.R$attr: int allowInteractive
org.zhangge.rbplayer.R$attr: int appTheme
org.zhangge.rbplayer.R$attr: int atextAllCaps
org.zhangge.rbplayer.R$attr: int bg
org.zhangge.rbplayer.R$attr: int border_color
org.zhangge.rbplayer.R$attr: int border_width
org.zhangge.rbplayer.R$attr: int buyButtonAppearance
org.zhangge.rbplayer.R$attr: int buyButtonHeight
org.zhangge.rbplayer.R$attr: int buyButtonText
org.zhangge.rbplayer.R$attr: int buyButtonWidth
org.zhangge.rbplayer.R$attr: int cameraBearing
org.zhangge.rbplayer.R$attr: int cameraTargetLat
org.zhangge.rbplayer.R$attr: int cameraTargetLng
org.zhangge.rbplayer.R$attr: int cameraTilt
org.zhangge.rbplayer.R$attr: int cameraZoom
org.zhangge.rbplayer.R$attr: int center
org.zhangge.rbplayer.R$attr: int circleCrop
org.zhangge.rbplayer.R$attr: int environment
org.zhangge.rbplayer.R$attr: int fontFamily
org.zhangge.rbplayer.R$attr: int fragmentMode
org.zhangge.rbplayer.R$attr: int fragmentStyle
org.zhangge.rbplayer.R$attr: int imageAspectRatio
org.zhangge.rbplayer.R$attr: int imageAspectRatioAdjust
org.zhangge.rbplayer.R$attr: int left
org.zhangge.rbplayer.R$attr: int liteMode
org.zhangge.rbplayer.R$attr: int mapType
org.zhangge.rbplayer.R$attr: int maskedWalletDetailsBackground
org.zhangge.rbplayer.R$attr: int maskedWalletDetailsButtonBackground
org.zhangge.rbplayer.R$color: int ampm_text_color
org.zhangge.rbplayer.R$color: int black
org.zhangge.rbplayer.R$color: int blue
org.zhangge.rbplayer.R$color: int calendar_header
org.zhangge.rbplayer.R$color: int circle_background
org.zhangge.rbplayer.R$color: int color_scheme_gray
org.zhangge.rbplayer.R$color: int color_scheme_green
org.zhangge.rbplayer.R$color: int common_action_bar_splitter
org.zhangge.rbplayer.R$color: int common_signin_btn_dark_text_default
org.zhangge.rbplayer.R$color: int common_signin_btn_dark_text_disabled
org.zhangge.rbplayer.R$color: int common_signin_btn_dark_text_focused
org.zhangge.rbplayer.R$color: int common_signin_btn_dark_text_pressed
org.zhangge.rbplayer.R$color: int common_signin_btn_default_background
org.zhangge.rbplayer.R$color: int common_signin_btn_light_text_default
org.zhangge.rbplayer.R$color: int common_signin_btn_light_text_disabled
org.zhangge.rbplayer.R$color: int common_signin_btn_light_text_focused
org.zhangge.rbplayer.R$color: int common_signin_btn_light_text_pressed
org.zhangge.rbplayer.R$color: int common_signin_btn_text_dark
org.zhangge.rbplayer.R$color: int common_signin_btn_text_light
org.zhangge.rbplayer.R$color: int darker_blue
org.zhangge.rbplayer.R$color: int date_picker_text_normal
org.zhangge.rbplayer.R$color: int date_picker_view_animator
org.zhangge.rbplayer.R$color: int done_text_color_disabled
org.zhangge.rbplayer.R$color: int done_text_color_normal
org.zhangge.rbplayer.R$color: int light_yellow
org.zhangge.rbplayer.R$dimen: int activity_horizontal_margin
org.zhangge.rbplayer.R$dimen: int activity_vertical_margin
...
com.nostra13.universalimageloader.cache.disc.impl.ext.DiskLruCache$Entry
com.nostra13.universalimageloader.cache.disc.impl.ext.DiskLruCache$Entry: java.lang.String key
com.nostra13.universalimageloader.cache.disc.impl.ext.DiskLruCache$Entry: long[] lengths
com.nostra13.universalimageloader.cache.disc.impl.ext.DiskLruCache$Entry: boolean readable
com.nostra13.universalimageloader.cache.disc.impl.ext.DiskLruCache$Entry: com.nostra13.universalimageloader.cache.disc.impl.ext.DiskLruCache$Editor currentEditor
com.nostra13.universalimageloader.cache.disc.impl.ext.DiskLruCache$Entry: long sequenceNumber
com.nostra13.universalimageloader.cache.disc.impl.ext.DiskLruCache$Entry: com.nostra13.universalimageloader.cache.disc.impl.ext.DiskLruCache this$0
com.nostra13.universalimageloader.cache.disc.impl.ext.DiskLruCache$Entry: DiskLruCache$Entry(com.nostra13.universalimageloader.cache.disc.impl.ext.DiskLruCache,java.lang.String)
com.nostra13.universalimageloader.cache.disc.impl.ext.DiskLruCache$Entry: java.lang.String getLengths()
com.nostra13.universalimageloader.cache.disc.impl.ext.DiskLruCache$Entry: void setLengths(java.lang.String[])
com.nostra13.universalimageloader.cache.disc.impl.ext.DiskLruCache$Entry: java.io.IOException invalidLengths(java.lang.String[])
com.nostra13.universalimageloader.cache.disc.impl.ext.DiskLruCache$Entry: java.io.File getCleanFile(int)
com.nostra13.universalimageloader.cache.disc.impl.ext.DiskLruCache$Entry: java.io.File getDirtyFile(int)
com.nostra13.universalimageloader.cache.disc.impl.ext.DiskLruCache$Snapshot
com.nostra13.universalimageloader.cache.disc.impl.ext.DiskLruCache$Snapshot: java.lang.String key
com.nostra13.universalimageloader.cache.disc.impl.ext.DiskLruCache$Snapshot: long sequenceNumber
com.nostra13.universalimageloader.cache.disc.impl.ext.DiskLruCache$Snapshot: java.io.File[] files
com.nostra13.universalimageloader.cache.disc.impl.ext.DiskLruCache$Snapshot: java.io.InputStream[] ins
com.nostra13.universalimageloader.cache.disc.impl.ext.DiskLruCache$Snapshot: long[] lengths
com.nostra13.universalimageloader.cache.disc.impl.ext.DiskLruCache$Snapshot: com.nostra13.universalimageloader.cache.disc.impl.ext.DiskLruCache this$0
com.nostra13.universalimageloader.cache.disc.impl.ext.DiskLruCache$Snapshot: DiskLruCache$Snapshot(com.nostra13.universalimageloader.cache.disc.impl.ext.DiskLruCache,java.lang.String,long,java.io.File[],java.io.InputStream[],long[])
com.nostra13.universalimageloader.cache.disc.impl.ext.DiskLruCache$Snapshot: com.nostra13.universalimageloader.cache.disc.impl.ext.DiskLruCache$Editor edit()
com.nostra13.universalimageloader.cache.disc.impl.ext.DiskLruCache$Snapshot: java.io.File getFile(int)
com.nostra13.universalimageloader.cache.disc.impl.ext.DiskLruCache$Snapshot: java.io.InputStream getInputStream(int)
com.nostra13.universalimageloader.cache.disc.impl.ext.DiskLruCache$Snapshot: java.lang.String getString(int)