RBPlayer/proguard/mapping.txt
org.zhangge.rbplayer.RBPlayerApp -> org.zhangge.rbplayer.RBPlayerApp:
    java.lang.String TAG -> a
    android.content.Context gContext -> b
    void onCreate() -> onCreate
    void getSamplePicList() -> a
    boolean isMainProcess() -> b
org.zhangge.rbplayer.RBPlayerApp$1 -> org.zhangge.rbplayer.a:
    org.zhangge.rbplayer.RBPlayerApp this$0 -> a
    void onSuccess(java.util.List) -> onSuccess
    void onError(int,java.lang.String) -> onError
org.zhangge.rbplayer.bmob.SamplePic -> org.zhangge.rbplayer.bmob.SamplePic:
    long serialVersionUID -> serialVersionUID
    cn.bmob.v3.datatype.BmobFile pic -> pic
    java.lang.String url -> url
    cn.bmob.v3.datatype.BmobFile getPic() -> getPic
    void setPic(cn.bmob.v3.datatype.BmobFile) -> setPic
    java.lang.String getUrl() -> getUrl
    void setUrl(java.lang.String) -> setUrl
org.zhangge.rbplayer.lib.RBTextureRender -> org.zhangge.rbplayer.a.a:
    float[] mTriangleVerticesData -> d
    java.nio.FloatBuffer mTriangleVertices -> e
    float[] mMVPMatrix -> f
    float[] mSTMatrix -> g
    int mProgram -> h
    int mTextureID -> i
    int muMVPMatrixHandle -> j
    int muSTMatrixHandle -> k
    int maPositionHandle -> l
    int maTextureHandle -> m
    int mModeHandle -> n
    int mWidthHandle -> o
    int mOffsetHandle -> p
    float offset -> q
    float mWidth -> r
    int mHeight -> s
    int mode -> t
    int MODE_NORMAL -> a
    int MODE_ONE -> b
    int MODE_TWO -> c
    int getTextureId() -> a
    void setSize(int,int) -> a
    void setOffset(float) -> a
    void drawFrame(android.graphics.SurfaceTexture) -> a
    void surfaceCreated() -> b
    void setMode(int) -> a
    float getMode() -> c
org.zhangge.rbplayer.lib.RBVideoRender -> org.zhangge.rbplayer.a.b:
    java.lang.String TAG -> a
    org.zhangge.rbplayer.lib.RBTextureRender mTextureRender -> b
    android.graphics.SurfaceTexture mSurfaceTexture -> c
    boolean updateSurface -> d
    android.media.MediaPlayer mMediaPlayer -> e
    org.zhangge.rbplayer.lib.RBVideoRender$OnPlayGoing playGoing -> f
    void setMediaPlayer(android.media.MediaPlayer) -> a
    void setOnPlayGoing(org.zhangge.rbplayer.lib.RBVideoRender$OnPlayGoing) -> a
    void onDrawFrame(javax.microedition.khronos.opengles.GL10) -> onDrawFrame
    void onSurfaceChanged(javax.microedition.khronos.opengles.GL10,int,int) -> onSurfaceChanged
    void onSurfaceCreated(javax.microedition.khronos.opengles.GL10,javax.microedition.khronos.egl.EGLConfig) -> onSurfaceCreated
    void setOffset(int) -> a
    void setMode(int) -> b
    float getMode() -> a
    void onFrameAvailable(android.graphics.SurfaceTexture) -> onFrameAvailable
org.zhangge.rbplayer.lib.RBVideoRender$OnPlayGoing -> org.zhangge.rbplayer.a.c:
    void doPlayStuff() -> a
org.zhangge.rbplayer.ui.BaseActivity -> org.zhangge.rbplayer.ui.a:
    android.os.Handler gHandler -> a
    void onCreate(android.os.Bundle) -> onCreate
    void onDestroy() -> onDestroy
    void onResume() -> onResume
    void onPause() -> onPause
org.zhangge.rbplayer.ui.BaseFragment -> org.zhangge.rbplayer.ui.b:
    android.os.Handler gHandler -> a
    void onCreate(android.os.Bundle) -> onCreate
    void onDestroy() -> onDestroy
    void onPause() -> onPause
    void onResume() -> onResume
...
com.google.android.gms.internal.br$a -> com.google.android.gms.internal.ca:
    com.google.android.gms.internal.br j(android.os.IBinder) -> a
    android.os.IBinder asBinder() -> asBinder
    boolean onTransact(int,android.os.Parcel,android.os.Parcel,int) -> onTransact
com.google.android.gms.internal.br$a$a -> com.google.android.gms.internal.cb:
    android.os.IBinder le -> a
    android.os.IBinder asBinder() -> asBinder
    void a(com.google.android.gms.internal.bq) -> a
com.google.android.gms.internal.bs -> com.google.android.gms.internal.cc:
    com.google.android.gms.ads.doubleclick.b oO -> a
    void a(com.google.android.gms.internal.bq) -> a
com.google.android.gms.internal.bt -> com.google.android.gms.internal.cd:
    java.lang.String pB -> a
    android.graphics.drawable.Drawable pC -> b
    java.lang.String pD -> c
    android.graphics.drawable.Drawable pE -> d
    java.lang.String pF -> e
    double pG -> f
    java.lang.String pH -> g
    java.lang.String pI -> h
    java.lang.Object mH -> i
    com.google.android.gms.internal.bv pJ -> j
    java.lang.String bB() -> a
    com.google.android.gms.dynamic.d bC() -> b
    java.lang.String getBody() -> c
    com.google.android.gms.dynamic.d bD() -> d
    java.lang.String bE() -> e
    double bF() -> f
    java.lang.String bG() -> g
    java.lang.String bH() -> h
    void j(int) -> a
    void aw() -> i
    void a(com.google.android.gms.internal.bv) -> a
com.google.android.gms.internal.bu -> com.google.android.gms.internal.ce:
    java.lang.String pB -> a
    android.graphics.drawable.Drawable pC -> b
    java.lang.String pD -> c
    android.graphics.drawable.Drawable pK -> d
    java.lang.String pF -> e
    java.lang.String pL -> f
    java.lang.Object mH -> g
    com.google.android.gms.internal.bv pJ -> h
    java.lang.String bB() -> a
    com.google.android.gms.dynamic.d bC() -> b
    java.lang.String getBody() -> c
    com.google.android.gms.dynamic.d bI() -> d
    java.lang.String bE() -> e
    java.lang.String bJ() -> f
    void j(int) -> a
    void aw() -> g
    void a(com.google.android.gms.internal.bv) -> a
com.google.android.gms.internal.bv -> com.google.android.gms.internal.cf:
    com.google.android.gms.internal.u pM -> a
    com.google.android.gms.internal.ah pN -> b
    org.json.JSONObject pO -> c
    void b(java.lang.String,int) -> a
    void aw() -> a
com.google.android.gms.internal.bv$a -> com.google.android.gms.internal.cg:
    void a(com.google.android.gms.internal.bv) -> a
com.google.android.gms.internal.bw -> com.google.android.gms.internal.ch:
    void j(int) -> a
    void aw() -> i
    java.lang.String bB() -> a
    com.google.android.gms.dynamic.d bC() -> b
    java.lang.String getBody() -> c
    com.google.android.gms.dynamic.d bD() -> d
    java.lang.String bE() -> e
    double bF() -> f
    java.lang.String bG() -> g
    java.lang.String bH() -> h
com.google.android.gms.internal.bw$a -> com.google.android.gms.internal.ci:
    android.os.IBinder asBinder() -> asBinder
    boolean onTransact(int,android.os.Parcel,android.os.Parcel,int) -> onTransact
com.google.android.gms.internal.bx -> com.google.android.gms.internal.cj:
    void j(int) -> a
    void aw() -> g
    java.lang.String bB() -> a
    com.google.android.gms.dynamic.d bC() -> b
    java.lang.String getBody() -> c
    com.google.android.gms.dynamic.d bI() -> d
    java.lang.String bE() -> e
    java.lang.String bJ() -> f
com.google.android.gms.internal.bx$a -> com.google.android.gms.internal.ck:
    android.os.IBinder asBinder() -> asBinder
    boolean onTransact(int,android.os.Parcel,android.os.Parcel,int) -> onTransact
com.google.android.gms.internal.by -> com.google.android.gms.internal.cl:
    void a(com.google.android.gms.internal.bw) -> a
com.google.android.gms.internal.bz -> com.google.android.gms.internal.cm:
    void a(com.google.android.gms.internal.bx) -> a