RBPlayer/proguard/usage.txt
org.zhangge.rbplayer.BuildConfig
org.zhangge.rbplayer.R
org.zhangge.rbplayer.R$anim
org.zhangge.rbplayer.R$array
org.zhangge.rbplayer.R$attr
org.zhangge.rbplayer.R$color
org.zhangge.rbplayer.R$dimen
org.zhangge.rbplayer.R$drawable
org.zhangge.rbplayer.R$id
org.zhangge.rbplayer.R$integer
org.zhangge.rbplayer.R$layout
org.zhangge.rbplayer.R$menu
org.zhangge.rbplayer.R$raw
org.zhangge.rbplayer.R$string
org.zhangge.rbplayer.R$style
org.zhangge.rbplayer.R$styleable
org.zhangge.rbplayer.lib.RBTextureRender:
    private static final int FLOAT_SIZE_BYTES
    private static final int TRIANGLE_VERTICES_DATA_STRIDE_BYTES
    private static final int TRIANGLE_VERTICES_DATA_POS_OFFSET
    private static final int TRIANGLE_VERTICES_DATA_UV_OFFSET
    private static final java.lang.String VERTEX_SHADER
    private static final java.lang.String FRAGMENT_SHADER
    123:124:public void addOffset()
    127:128:public void subOffset()
    131:132:public void resetOffset()
    255:271:public void saveFrame(java.lang.String,int,int)
    274:279:public void changeFragmentShader(java.lang.String)
org.zhangge.rbplayer.lib.RBVideoRender:
    81:82:public void resetOffset()
org.zhangge.rbplayer.ui.MainActivity:
    public static final java.lang.String LOCAL_VIDEO_TAG
    public static final java.lang.String YOUTUBE_VIDEO_TAG
    public static final java.lang.String SAMPLE_PIC_TAG
    public static final java.lang.String SAMPLE_PATH
org.zhangge.rbplayer.ui.MediaPlayerActivity:
    private static final int OFFSET_MAX
org.zhangge.rbplayer.utils.AdUtils:
    15:15:public AdUtils()
org.zhangge.rbplayer.utils.BaseConfig:
    8:8:public BaseConfig()
org.zhangge.rbplayer.utils.MediaBox:
    11:11:public MediaBox()
org.zhangge.rbplayer.utils.Navigation:
    8:8:public Navigation()
org.zhangge.rbplayer.utils.ShaderUtils:
    6:6:public ShaderUtils()
org.zhangge.rbplayer.utils.SimpleImageLoader:
    40:80:public void loadImage(java.lang.String,android.widget.ImageView,int)
org.zhangge.rbplayer.utils.SimpleImageLoader$2
org.zhangge.rbplayer.utils.SimpleImageLoader$3
org.zhangge.rbplayer.utils.UtilBox:
    9:9:public UtilBox()
...
com.google.android.gms.internal.kc
com.google.android.gms.internal.kc$1
com.google.android.gms.internal.kd
com.google.android.gms.internal.ke
com.google.android.gms.internal.ke$1
com.google.android.gms.internal.ke$a
com.google.android.gms.internal.kf
com.google.android.gms.internal.kf$a
com.google.android.gms.internal.kg
com.google.android.gms.internal.kh
com.google.android.gms.internal.kh$a
com.google.android.gms.internal.kh$a$a
com.google.android.gms.internal.ki
com.google.android.gms.internal.ki$a
com.google.android.gms.internal.ki$a$a
com.google.android.gms.internal.kj:
    public kj(int)
    public final synchronized int size()
com.google.android.gms.internal.kr$a:
    public com.google.android.gms.internal.kr$a hN()
com.google.android.gms.internal.kv:
    public void hY()
    public kv(java.lang.Class)
    public void a(java.lang.Class,java.util.HashMap)
    public boolean b(java.lang.Class)
com.google.android.gms.internal.ky:
    private ky(com.google.android.gms.common.internal.safeparcel.SafeParcelable,com.google.android.gms.internal.kv,java.lang.String)
    public static com.google.android.gms.internal.ky a(com.google.android.gms.internal.kr)
    private static com.google.android.gms.internal.kv b(com.google.android.gms.internal.kr)
    private static void a(com.google.android.gms.internal.kv,com.google.android.gms.internal.kr)
com.google.android.gms.internal.la:
    public static java.lang.Integer[] a(int[])
com.google.android.gms.internal.ld:
    public abstract long currentTimeMillis()
com.google.android.gms.internal.le
com.google.android.gms.internal.lf:
    private static com.google.android.gms.internal.lf Of
    public static synchronized com.google.android.gms.internal.ld if()
    public long currentTimeMillis()
com.google.android.gms.internal.lh:
    public static void a(android.os.ParcelFileDescriptor)
com.google.android.gms.internal.li:
    public static boolean d(java.lang.Object,java.lang.Object)
com.google.android.gms.internal.ll:
    public static boolean ih()
    public static boolean ii()
    public static boolean ik()
    public static boolean il()
com.google.android.gms.internal.lm
com.google.android.gms.internal.ln$1:
    protected com.google.android.gms.common.data.a k(com.google.android.gms.common.data.DataHolder,int,int)
    protected synthetic java.lang.Object c(com.google.android.gms.common.data.DataHolder,int,int)
com.google.android.gms.internal.ln$h:
    protected java.lang.Boolean e(com.google.android.gms.common.data.DataHolder,int,int)
    protected synthetic java.lang.Object c(com.google.android.gms.common.data.DataHolder,int,int)
com.google.android.gms.internal.lo:
    protected com.google.android.gms.drive.metadata.internal.AppVisibleCustomProperties l(com.google.android.gms.common.data.DataHolder,int,int)
    protected synthetic java.lang.Object c(com.google.android.gms.common.data.DataHolder,int,int)
com.google.android.gms.internal.lq:
    protected com.google.android.gms.drive.DriveId m(com.google.android.gms.common.data.DataHolder,int,int)
    protected synthetic java.lang.Object c(com.google.android.gms.common.data.DataHolder,int,int)
com.google.android.gms.internal.lt
com.google.android.gms.internal.lu
com.google.android.gms.internal.lu$a
com.google.android.gms.internal.lu$b
com.google.android.gms.internal.lu$c
com.google.android.gms.internal.lv
com.google.android.gms.internal.lw
com.google.android.gms.internal.lw$a
com.google.android.gms.internal.lw$a$a
com.google.android.gms.internal.lx
com.google.android.gms.internal.lx$a
com.google.android.gms.internal.lx$a$a
com.google.android.gms.internal.ly
com.google.android.gms.internal.ly$a
com.google.android.gms.internal.ly$a$a
com.google.android.gms.internal.lz
com.google.android.gms.internal.lz$a
com.google.android.gms.internal.lz$a$a
com.google.android.gms.internal.ma
com.google.android.gms.internal.ma$a
com.google.android.gms.internal.ma$a$a
com.google.android.gms.internal.mb
com.google.android.gms.internal.mb$a